<?xml version="1.0" encoding="UTF-8"?>
<!-- Generated by org.testng.reporters.JUnitXMLReporter -->
<testsuite ignored="0" hostname="Guru" failures="0" tests="3" name="ParallelTestMethodTestNg" time="0.029" errors="0" timestamp="2025-02-18T02:25:40 EST">
  <testcase classname="com.assignment.TestNGAnnotations.ParallelMethodsTest" name="testC" time="0.008"/>
  <testcase classname="com.assignment.TestNGAnnotations.ParallelMethodsTest" name="testB" time="0.008"/>
  <testcase classname="com.assignment.TestNGAnnotations.ParallelMethodsTest" name="testA" time="0.008"/>
</testsuite> <!-- ParallelTestMethodTestNg -->
