<?xml version="1.0" encoding="UTF-8"?>
<!-- Generated by org.testng.reporters.JUnitXMLReporter -->
<testsuite ignored="0" hostname="Guru" failures="0" tests="4" name="ParallelTestClassesTestNg" time="0.033" errors="0" timestamp="2025-02-18T02:30:54 EST">
  <testcase classname="com.assignment.TestNGAnnotations.ClassOne" name="testA" time="0.009"/>
  <testcase classname="com.assignment.TestNGAnnotations.ClassTwo" name="testA" time="0.007"/>
  <testcase classname="com.assignment.TestNGAnnotations.ClassOne" name="testB" time="0.001"/>
  <testcase classname="com.assignment.TestNGAnnotations.ClassOne" name="testC" time="0.0"/>
</testsuite> <!-- ParallelTestClassesTestNg -->
