<?xml version="1.0" encoding="UTF-8"?>
<!-- Generated by org.testng.reporters.JUnitXMLReporter -->
<testsuite ignored="0" hostname="Guru" failures="0" tests="3" name="PriorityTestNg" time="0.029" errors="0" timestamp="2025-02-18T02:16:46 EST">
  <testcase classname="com.assignment.TestNGAnnotations.PriorityMethods" name="testC" time="0.006"/>
  <testcase classname="com.assignment.TestNGAnnotations.PriorityMethods" name="testA" time="0.0"/>
  <testcase classname="com.assignment.TestNGAnnotations.PriorityMethods" name="testB" time="0.0"/>
</testsuite> <!-- PriorityTestNg -->
