<?xml version="1.0" encoding="UTF-8"?>
<testng-results ignored="1" total="3" passed="2" failed="0" skipped="0">
  <reporter-output>
  </reporter-output>
  <suite started-at="2025-02-18T02:38:22 EST" name="Suite" finished-at="2025-02-18T02:38:22 EST" duration-ms="29">
    <groups>
      <group name="SomkeTests">
        <method signature="GroupingMethodsTest.testA()[pri:0, instance:com.assignment.TestNGAnnotations.GroupingMethodsTest@479d31f3]" name="testA" class="com.assignment.TestNGAnnotations.GroupingMethodsTest"/>
        <method signature="GroupingMethodsTest.testC()[pri:0, instance:com.assignment.TestNGAnnotations.GroupingMethodsTest@479d31f3]" name="testC" class="com.assignment.TestNGAnnotations.GroupingMethodsTest"/>
      </group> <!-- SomkeTests -->
    </groups>
    <test started-at="2025-02-18T02:38:22 EST" name="GroupingTestsTestNg" finished-at="2025-02-18T02:38:22 EST" duration-ms="29">
      <class name="com.assignment.TestNGAnnotations.GroupingMethodsTest">
        <test-method signature="testA()[pri:0, instance:com.assignment.TestNGAnnotations.GroupingMethodsTest@479d31f3]" started-at="2025-02-18T02:38:22 EST" name="testA" finished-at="2025-02-18T02:38:22 EST" duration-ms="7" status="PASS">
          <reporter-output>
          </reporter-output>
        </test-method> <!-- testA -->
        <test-method signature="testC()[pri:0, instance:com.assignment.TestNGAnnotations.GroupingMethodsTest@479d31f3]" started-at="2025-02-18T02:38:22 EST" name="testC" finished-at="2025-02-18T02:38:22 EST" duration-ms="0" status="PASS">
          <reporter-output>
          </reporter-output>
        </test-method> <!-- testC -->
      </class> <!-- com.assignment.TestNGAnnotations.GroupingMethodsTest -->
    </test> <!-- GroupingTestsTestNg -->
  </suite> <!-- Suite -->
</testng-results>
