<?xml version="1.0" encoding="UTF-8"?>
<!-- Generated by org.testng.reporters.JUnitXMLReporter -->
<testsuite ignored="0" hostname="Guru" failures="0" tests="9" name="ParallelTestNgtest" time="0.038" errors="0" timestamp="2025-02-18T01:34:10 EST">
  <testcase classname="TestNgAnnotations.ClassTwo" name="f1" time="0.009"/>
  <testcase classname="TestNgAnnotations.ParallelTestMethod" name="f1" time="0.008"/>
  <testcase classname="TestNgAnnotations.ClassOne" name="f1" time="0.008"/>
  <testcase classname="TestNgAnnotations.ParallelTestMethod" name="f2" time="0.002"/>
  <testcase classname="TestNgAnnotations.ClassOne" name="f2" time="0.001"/>
  <testcase classname="TestNgAnnotations.ParallelTestMethod" name="f3" time="0.002"/>
  <testcase classname="TestNgAnnotations.ClassOne" name="f3" time="0.002"/>
  <testcase classname="TestNgAnnotations.ParallelTestMethod" name="f4" time="0.0"/>
  <testcase classname="TestNgAnnotations.ClassOne" name="f4" time="0.001"/>
</testsuite> <!-- ParallelTestNgtest -->
