<?xml version="1.0" encoding="UTF-8"?>
<!-- Generated by org.testng.reporters.JUnitXMLReporter -->
<testsuite ignored="1" hostname="Guru" failures="0" tests="2" name="Test" time="0.025" errors="0" timestamp="2025-02-18T02:19:21 EST">
  <testcase classname="TestNgAnnotations.IgnoreTest" name="TestA" time="0.007"/>
  <testcase classname="TestNgAnnotations.IgnoreTest" name="TestC" time="0.001"/>
  <testcase classname="TestNgAnnotations.IgnoreTest" name="TestB" time="0.0">
    <ignored/>
  </testcase> <!-- TestB -->
</testsuite> <!-- Test -->
