<?xml version="1.0" encoding="UTF-8"?>
<!-- Generated by org.testng.reporters.JUnitXMLReporter -->
<testsuite ignored="0" hostname="Guru" failures="0" tests="4" name="Test1" time="0.036" errors="0" timestamp="2025-02-18T01:38:35 EST">
  <testcase classname="TestNgAnnotations.ParallelTestMethod" name="f1" time="0.008"/>
  <testcase classname="TestNgAnnotations.ParallelTestMethod" name="f2" time="0.002"/>
  <testcase classname="TestNgAnnotations.ParallelTestMethod" name="f3" time="0.001"/>
  <testcase classname="TestNgAnnotations.ParallelTestMethod" name="f4" time="0.001"/>
</testsuite> <!-- Test1 -->
