<?xml version="1.0" encoding="UTF-8"?>
<!-- Generated by org.testng.reporters.JUnitXMLReporter -->
<testsuite ignored="1" hostname="Guru" failures="0" tests="2" name="Default test" time="0.027" errors="0" timestamp="2025-02-18T01:17:59 EST">
  <testcase classname="TestNgAnnotations.IgnoreTest" name="f1" time="0.007"/>
  <testcase classname="TestNgAnnotations.IgnoreTest" name="f3" time="0.001"/>
  <testcase classname="TestNgAnnotations.IgnoreTest" name="f2" time="0.0">
    <ignored/>
  </testcase> <!-- f2 -->
</testsuite> <!-- Default test -->
