<?xml version="1.0" encoding="UTF-8"?>
<!-- Generated by org.testng.reporters.JUnitXMLReporter -->
<testsuite ignored="0" hostname="Guru" failures="0" tests="3" name="DependsOnMethodTest" time="0.033" errors="0" timestamp="2025-02-18T02:12:30 EST">
  <testcase classname="com.assignment.TestNGAnnotations.DependsOnMethods" name="testLogin" time="0.008"/>
  <testcase classname="com.assignment.TestNGAnnotations.DependsOnMethods" name="testAddToCart" time="0.001"/>
  <testcase classname="com.assignment.TestNGAnnotations.DependsOnMethods" name="testCheckout" time="0.001"/>
</testsuite> <!-- DependsOnMethodTest -->
