<?xml version="1.0" encoding="UTF-8"?>
<!-- Generated by org.testng.reporters.JUnitXMLReporter -->
<testsuite ignored="1" hostname="Guru" failures="0" tests="2" name="GroupingTestsTestNg" time="0.029" errors="0" timestamp="2025-02-18T02:38:22 EST">
  <testcase classname="com.assignment.TestNGAnnotations.GroupingMethodsTest" name="testA" time="0.007"/>
  <testcase classname="com.assignment.TestNGAnnotations.GroupingMethodsTest" name="testC" time="0.0"/>
  <testcase classname="com.assignment.TestNGAnnotations.GroupingMethodsTest" name="testB" time="0.0">
    <ignored/>
  </testcase> <!-- testB -->
</testsuite> <!-- GroupingTestsTestNg -->
